00:59:24.858 [main] INFO  testCases.TC001_AccountRegistrationTest - Validating expected message
00:59:24.957 [main] INFO  testCases.TC001_AccountRegistrationTest - *******Finished TC001_AccountRegistrationTest******
00:59:32.168 [main] INFO  testCases.TC002_LoginTest - *************Starting TC002_Login Test*******
00:59:34.007 [main] INFO  testCases.TC002_LoginTest - **********Finished TC002_LoginTest*********
01:01:12.801 [TestNG-tests-3] INFO  testCases.TC001_AccountRegistrationTest - *******Starting TC001_AccountRegistrationTest******
01:01:26.435 [TestNG-tests-1] INFO  testCases.TC001_AccountRegistrationTest - *******Starting TC001_AccountRegistrationTest******
01:01:26.785 [TestNG-tests-1] INFO  testCases.TC001_AccountRegistrationTest - Clicked on MyAccount Link
01:01:27.752 [TestNG-tests-1] INFO  testCases.TC001_AccountRegistrationTest - Clicked on Rigister Link
01:01:27.756 [TestNG-tests-1] INFO  testCases.TC001_AccountRegistrationTest - Providing Customer Details...
01:01:29.756 [TestNG-tests-2] INFO  testCases.TC001_AccountRegistrationTest - *******Starting TC001_AccountRegistrationTest******
01:01:29.922 [TestNG-tests-1] INFO  testCases.TC001_AccountRegistrationTest - Validating expected message
01:01:30.259 [TestNG-tests-2] INFO  testCases.TC001_AccountRegistrationTest - Clicked on MyAccount Link
01:01:30.302 [TestNG-tests-1] INFO  testCases.TC001_AccountRegistrationTest - *******Finished TC001_AccountRegistrationTest******
01:04:08.337 [TestNG-tests-1] INFO  testCases.TC001_AccountRegistrationTest - *******Starting TC001_AccountRegistrationTest******
01:04:08.337 [TestNG-tests-2] INFO  testCases.TC001_AccountRegistrationTest - *******Starting TC001_AccountRegistrationTest******
01:04:08.663 [TestNG-tests-1] INFO  testCases.TC001_AccountRegistrationTest - Clicked on MyAccount Link
01:04:08.900 [TestNG-tests-2] INFO  testCases.TC001_AccountRegistrationTest - Clicked on MyAccount Link
01:04:33.098 [TestNG-tests-3] INFO  testCases.TC001_AccountRegistrationTest - *******Starting TC001_AccountRegistrationTest******
01:06:50.056 [main] INFO  testCases.TC001_AccountRegistrationTest - *******Starting TC001_AccountRegistrationTest******
01:06:50.242 [main] INFO  testCases.TC001_AccountRegistrationTest - Clicked on MyAccount Link
01:06:50.810 [main] INFO  testCases.TC001_AccountRegistrationTest - Clicked on Rigister Link
01:06:50.814 [main] INFO  testCases.TC001_AccountRegistrationTest - Providing Customer Details...
01:06:52.621 [main] INFO  testCases.TC001_AccountRegistrationTest - Validating expected message
01:06:52.674 [main] INFO  testCases.TC001_AccountRegistrationTest - *******Finished TC001_AccountRegistrationTest******
01:06:59.240 [main] INFO  testCases.TC002_LoginTest - *************Starting TC002_Login Test*******
01:07:01.083 [main] INFO  testCases.TC002_LoginTest - **********Finished TC002_LoginTest*********
23:35:16.807 [main] INFO  testCases.TC001_AccountRegistrationTest - *******Starting TC001_AccountRegistrationTest******
23:35:34.362 [main] INFO  testCases.TC002_LoginTest - *************Starting TC002_Login Test*******
23:37:19.563 [main] INFO  testCases.TC001_AccountRegistrationTest - *******Starting TC001_AccountRegistrationTest******
23:37:35.980 [main] INFO  testCases.TC002_LoginTest - *************Starting TC002_Login Test*******
23:38:14.761 [main] INFO  testCases.TC001_AccountRegistrationTest - *******Starting TC001_AccountRegistrationTest******
23:38:31.582 [main] INFO  testCases.TC002_LoginTest - *************Starting TC002_Login Test*******
23:40:08.801 [main] INFO  testCases.TC001_AccountRegistrationTest - *******Starting TC001_AccountRegistrationTest******
23:40:27.046 [main] INFO  testCases.TC002_LoginTest - *************Starting TC002_Login Test*******
23:41:38.924 [main] INFO  testCases.TC001_AccountRegistrationTest - *******Starting TC001_AccountRegistrationTest******
23:42:02.118 [main] INFO  testCases.TC002_LoginTest - *************Starting TC002_Login Test*******
23:48:59.438 [main] INFO  testCases.TC001_AccountRegistrationTest - *******Starting TC001_AccountRegistrationTest******
23:49:23.451 [main] INFO  testCases.TC002_LoginTest - *************Starting TC002_Login Test*******
