00:06:46.317 [main] INFO  testCases.TC001_AccountRegistrationTest - Providing Customer Details...
00:06:48.373 [main] INFO  testCases.TC001_AccountRegistrationTest - Validating expected message
00:06:48.443 [main] INFO  testCases.TC001_AccountRegistrationTest - *******Finished TC001_AccountRegistrationTest******
00:06:56.895 [main] INFO  testCases.TC002_LoginTest - *************Starting TC002_Login Test*******
00:06:58.659 [main] INFO  testCases.TC002_LoginTest - **********Finished TC002_LoginTest*********
00:31:56.665 [main] INFO  testCases.TC001_AccountRegistrationTest - *******Starting TC001_AccountRegistrationTest******
00:31:56.850 [main] INFO  testCases.TC001_AccountRegistrationTest - Clicked on MyAccount Link
00:31:57.465 [main] INFO  testCases.TC001_AccountRegistrationTest - Clicked on Rigister Link
00:31:57.469 [main] INFO  testCases.TC001_AccountRegistrationTest - Providing Customer Details...
00:31:59.389 [main] INFO  testCases.TC001_AccountRegistrationTest - Validating expected message
00:31:59.479 [main] INFO  testCases.TC001_AccountRegistrationTest - *******Finished TC001_AccountRegistrationTest******
00:32:06.809 [main] INFO  testCases.TC002_LoginTest - *************Starting TC002_Login Test*******
00:32:08.734 [main] INFO  testCases.TC002_LoginTest - **********Finished TC002_LoginTest*********
00:44:24.829 [main] INFO  testCases.TC001_AccountRegistrationTest - *******Starting TC001_AccountRegistrationTest******
00:44:25.001 [main] INFO  testCases.TC001_AccountRegistrationTest - Clicked on MyAccount Link
00:44:25.533 [main] INFO  testCases.TC001_AccountRegistrationTest - Clicked on Rigister Link
00:44:25.538 [main] INFO  testCases.TC001_AccountRegistrationTest - Providing Customer Details...
00:44:27.377 [main] INFO  testCases.TC001_AccountRegistrationTest - Validating expected message
00:44:27.453 [main] INFO  testCases.TC001_AccountRegistrationTest - *******Finished TC001_AccountRegistrationTest******
00:44:34.555 [main] INFO  testCases.TC002_LoginTest - *************Starting TC002_Login Test*******
00:44:36.190 [main] INFO  testCases.TC002_LoginTest - **********Finished TC002_LoginTest*********
00:50:48.798 [main] INFO  testCases.TC001_AccountRegistrationTest - *******Starting TC001_AccountRegistrationTest******
00:50:48.992 [main] INFO  testCases.TC001_AccountRegistrationTest - Clicked on MyAccount Link
00:50:49.524 [main] INFO  testCases.TC001_AccountRegistrationTest - Clicked on Rigister Link
00:50:49.528 [main] INFO  testCases.TC001_AccountRegistrationTest - Providing Customer Details...
00:50:51.336 [main] INFO  testCases.TC001_AccountRegistrationTest - Validating expected message
00:50:51.420 [main] INFO  testCases.TC001_AccountRegistrationTest - *******Finished TC001_AccountRegistrationTest******
00:50:58.426 [main] INFO  testCases.TC002_LoginTest - *************Starting TC002_Login Test*******
00:51:00.141 [main] INFO  testCases.TC002_LoginTest - **********Finished TC002_LoginTest*********
00:54:31.958 [main] INFO  testCases.TC001_AccountRegistrationTest - *******Starting TC001_AccountRegistrationTest******
00:54:32.116 [main] INFO  testCases.TC001_AccountRegistrationTest - Clicked on MyAccount Link
00:54:32.680 [main] INFO  testCases.TC001_AccountRegistrationTest - Clicked on Rigister Link
00:54:32.685 [main] INFO  testCases.TC001_AccountRegistrationTest - Providing Customer Details...
00:54:34.631 [main] INFO  testCases.TC001_AccountRegistrationTest - Validating expected message
00:54:34.721 [main] INFO  testCases.TC001_AccountRegistrationTest - *******Finished TC001_AccountRegistrationTest******
00:54:43.091 [main] INFO  testCases.TC002_LoginTest - *************Starting TC002_Login Test*******
00:54:45.059 [main] INFO  testCases.TC002_LoginTest - **********Finished TC002_LoginTest*********
00:55:49.438 [main] INFO  testCases.TC001_AccountRegistrationTest - *******Starting TC001_AccountRegistrationTest******
00:55:49.598 [main] INFO  testCases.TC001_AccountRegistrationTest - Clicked on MyAccount Link
00:55:50.173 [main] INFO  testCases.TC001_AccountRegistrationTest - Clicked on Rigister Link
00:55:50.179 [main] INFO  testCases.TC001_AccountRegistrationTest - Providing Customer Details...
00:55:52.028 [main] INFO  testCases.TC001_AccountRegistrationTest - Validating expected message
00:55:52.104 [main] INFO  testCases.TC001_AccountRegistrationTest - *******Finished TC001_AccountRegistrationTest******
00:55:58.943 [main] INFO  testCases.TC002_LoginTest - *************Starting TC002_Login Test*******
00:56:00.828 [main] INFO  testCases.TC002_LoginTest - **********Finished TC002_LoginTest*********
00:59:21.910 [main] INFO  testCases.TC001_AccountRegistrationTest - *******Starting TC001_AccountRegistrationTest******
00:59:22.078 [main] INFO  testCases.TC001_AccountRegistrationTest - Clicked on MyAccount Link
00:59:22.597 [main] INFO  testCases.TC001_AccountRegistrationTest - Clicked on Rigister Link
00:59:22.601 [main] INFO  testCases.TC001_AccountRegistrationTest - Providing Customer Details...
